15:40:39.557 INFO  post-service [main] b.p.s.controller.PostControllerTest - Starting PostControllerTest using Java 23.0.1 with PID 30704 (started by yoran in C:\Users\yoran\Java-Project\project-YoranByloosPXL\backend-java\Backend\post-service)
15:40:39.558 DEBUG post-service [main] b.p.s.controller.PostControllerTest - Running with Spring Boot v3.1.0, Spring v6.0.9
15:40:39.559 INFO  post-service [main] b.p.s.controller.PostControllerTest - No active profile set, falling back to 1 default profile: "default"
15:40:39.573 INFO  post-service [main] o.s.c.c.c.ConfigServerConfigDataLoader - Fetching config from server at : http://localhost:8088/
15:40:39.573 INFO  post-service [main] o.s.c.c.c.ConfigServerConfigDataLoader - Exception on Url - http://localhost:8088/:org.springframework.web.client.ResourceAccessException: I/O error on GET request for "http://localhost:8088/post-service/default": Connection refused: getsockopt. Will be trying the next url if available
15:40:39.573 WARN  post-service [main] o.s.c.c.c.ConfigServerConfigDataLoader - Could not locate PropertySource ([ConfigServerConfigDataResource@4c2869a9 uris = array<String>['http://localhost:8088/'], optional = true, profiles = list['default']]): I/O error on GET request for "http://localhost:8088/post-service/default": Connection refused: getsockopt
15:40:40.797 INFO  post-service [main] o.s.b.t.m.w.SpringBootMockServletContext - Initializing Spring TestDispatcherServlet ''
15:40:40.797 INFO  post-service [main] o.s.t.w.s.TestDispatcherServlet - Initializing Servlet ''
15:40:40.798 INFO  post-service [main] o.s.t.w.s.TestDispatcherServlet - Completed initialization in 1 ms
15:40:40.818 INFO  post-service [main] b.p.s.controller.PostControllerTest - Started PostControllerTest in 2.144 seconds (process running for 3.187)
15:40:40.896 INFO  post-service [main] b.p.s.controller.PostController - FilterPosts called keyword=post author=yo date=2025-09-25
15:40:40.913 DEBUG post-service [main] b.p.s.controller.PostController - FilterPosts result count=0
15:40:41.015 INFO  post-service [main] b.p.s.controller.PostController - GetPostsByIds called count=2
15:40:41.024 INFO  post-service [main] b.p.s.controller.PostController - GetPublishedPosts called
15:40:41.047 INFO  post-service [main] b.p.s.controller.PostController - ApprovePost requested id=42
15:40:41.053 INFO  post-service [main] b.p.s.controller.PostController - FilterPosts called keyword=abc author=null date=2025-09-01T00:00:00
15:40:41.054 DEBUG post-service [main] b.p.s.controller.PostController - FilterPosts result count=0
15:40:41.060 INFO  post-service [main] b.p.s.controller.PostController - DisapprovePost requested id=5
15:41:59.133 INFO  post-service [main] b.p.s.controller.PostControllerTest - Starting PostControllerTest using Java 23.0.1 with PID 32308 (started by yoran in C:\Users\yoran\Java-Project\project-YoranByloosPXL\backend-java\Backend\post-service)
15:41:59.134 DEBUG post-service [main] b.p.s.controller.PostControllerTest - Running with Spring Boot v3.1.0, Spring v6.0.9
15:41:59.134 INFO  post-service [main] b.p.s.controller.PostControllerTest - No active profile set, falling back to 1 default profile: "default"
15:41:59.148 INFO  post-service [main] o.s.c.c.c.ConfigServerConfigDataLoader - Fetching config from server at : http://localhost:8088/
15:41:59.148 INFO  post-service [main] o.s.c.c.c.ConfigServerConfigDataLoader - Exception on Url - http://localhost:8088/:org.springframework.web.client.ResourceAccessException: I/O error on GET request for "http://localhost:8088/post-service/default": Connection refused: getsockopt. Will be trying the next url if available
15:41:59.148 WARN  post-service [main] o.s.c.c.c.ConfigServerConfigDataLoader - Could not locate PropertySource ([ConfigServerConfigDataResource@bd1111a uris = array<String>['http://localhost:8088/'], optional = true, profiles = list['default']]): I/O error on GET request for "http://localhost:8088/post-service/default": Connection refused: getsockopt
15:42:00.364 INFO  post-service [main] o.s.b.t.m.w.SpringBootMockServletContext - Initializing Spring TestDispatcherServlet ''
15:42:00.364 INFO  post-service [main] o.s.t.w.s.TestDispatcherServlet - Initializing Servlet ''
15:42:00.365 INFO  post-service [main] o.s.t.w.s.TestDispatcherServlet - Completed initialization in 1 ms
15:42:00.387 INFO  post-service [main] b.p.s.controller.PostControllerTest - Started PostControllerTest in 2.105 seconds (process running for 3.005)
15:42:00.466 INFO  post-service [main] b.p.s.controller.PostController - FilterPosts called keyword=post author=yo date=2025-09-25
15:42:00.482 DEBUG post-service [main] b.p.s.controller.PostController - FilterPosts result count=0
15:42:00.577 INFO  post-service [main] b.p.s.controller.PostController - FilterPosts called keyword=x author=null date=nonsense
15:42:00.578 WARN  post-service [main] b.p.s.controller.PostController - Unsupported date format 'nonsense', ignoring date filter
15:42:00.578 DEBUG post-service [main] b.p.s.controller.PostController - FilterPosts result count=0
15:42:00.588 INFO  post-service [main] b.p.s.controller.PostController - GetPostsByIds called count=2
15:42:00.597 INFO  post-service [main] b.p.s.controller.PostController - GetPublishedPosts called
15:42:00.618 INFO  post-service [main] b.p.s.controller.PostController - ApprovePost requested id=42
15:42:00.624 INFO  post-service [main] b.p.s.controller.PostController - FilterPosts called keyword=abc author=null date=2025-09-01T00:00:00
15:42:00.625 DEBUG post-service [main] b.p.s.controller.PostController - FilterPosts result count=0
15:42:00.633 INFO  post-service [main] b.p.s.controller.PostController - DisapprovePost requested id=5
16:09:39.849 INFO  post-service [main] b.p.s.controller.PostControllerTest - Starting PostControllerTest using Java 17.0.13 with PID 21628 (started by yoran in C:\Users\yoran\Java-Project\project-YoranByloosPXL\backend-java\Backend\post-service)
16:09:39.850 DEBUG post-service [main] b.p.s.controller.PostControllerTest - Running with Spring Boot v3.1.0, Spring v6.0.9
16:09:39.852 INFO  post-service [main] b.p.s.controller.PostControllerTest - No active profile set, falling back to 1 default profile: "default"
16:09:39.865 INFO  post-service [main] o.s.c.c.c.ConfigServerConfigDataLoader - Fetching config from server at : http://localhost:8088/
16:09:39.865 INFO  post-service [main] o.s.c.c.c.ConfigServerConfigDataLoader - Exception on Url - http://localhost:8088/:org.springframework.web.client.ResourceAccessException: I/O error on GET request for "http://localhost:8088/post-service/default": Connection refused: getsockopt. Will be trying the next url if available
16:09:39.865 WARN  post-service [main] o.s.c.c.c.ConfigServerConfigDataLoader - Could not locate PropertySource ([ConfigServerConfigDataResource@15ac59c2 uris = array<String>['http://localhost:8088/'], optional = true, profiles = list['default']]): I/O error on GET request for "http://localhost:8088/post-service/default": Connection refused: getsockopt
16:09:41.239 INFO  post-service [main] o.s.b.t.m.w.SpringBootMockServletContext - Initializing Spring TestDispatcherServlet ''
16:09:41.239 INFO  post-service [main] o.s.t.w.s.TestDispatcherServlet - Initializing Servlet ''
16:09:41.240 INFO  post-service [main] o.s.t.w.s.TestDispatcherServlet - Completed initialization in 1 ms
16:09:41.271 INFO  post-service [main] b.p.s.controller.PostControllerTest - Started PostControllerTest in 2.434 seconds (process running for 3.366)
16:09:41.329 INFO  post-service [main] b.p.s.controller.PostController - FilterPosts called keyword=post author=yo date=2025-09-25
16:09:41.343 DEBUG post-service [main] b.p.s.controller.PostController - FilterPosts result count=0
16:09:41.419 INFO  post-service [main] b.p.s.controller.PostController - FilterPosts called keyword=x author=null date=nonsense
16:09:41.420 WARN  post-service [main] b.p.s.controller.PostController - Unsupported date format 'nonsense', ignoring date filter
16:09:41.420 DEBUG post-service [main] b.p.s.controller.PostController - FilterPosts result count=0
16:09:41.430 INFO  post-service [main] b.p.s.controller.PostController - GetPostsByIds called count=2
16:09:41.439 INFO  post-service [main] b.p.s.controller.PostController - GetPublishedPosts called
16:09:41.456 INFO  post-service [main] b.p.s.controller.PostController - ApprovePost requested id=42
16:09:41.460 INFO  post-service [main] b.p.s.controller.PostController - FilterPosts called keyword=abc author=null date=2025-09-01T00:00:00
16:09:41.460 DEBUG post-service [main] b.p.s.controller.PostController - FilterPosts result count=0
16:09:41.465 INFO  post-service [main] b.p.s.controller.PostController - DisapprovePost requested id=5
16:09:47.829 INFO  post-service [main] b.p.s.repository.PostRepositoryTest - Starting PostRepositoryTest using Java 17.0.13 with PID 28644 (started by yoran in C:\Users\yoran\Java-Project\project-YoranByloosPXL\backend-java\Backend\post-service)
16:09:47.830 DEBUG post-service [main] b.p.s.repository.PostRepositoryTest - Running with Spring Boot v3.1.0, Spring v6.0.9
16:09:47.830 INFO  post-service [main] b.p.s.repository.PostRepositoryTest - The following 1 profile is active: "test"
16:09:47.839 INFO  post-service [main] o.s.c.c.c.ConfigServerConfigDataLoader - Fetching config from server at : http://localhost:8088/
16:09:47.839 INFO  post-service [main] o.s.c.c.c.ConfigServerConfigDataLoader - Exception on Url - http://localhost:8088/:org.springframework.web.client.ResourceAccessException: I/O error on GET request for "http://localhost:8088/post-service/default": Connection refused: getsockopt. Will be trying the next url if available
16:09:47.839 WARN  post-service [main] o.s.c.c.c.ConfigServerConfigDataLoader - Could not locate PropertySource ([ConfigServerConfigDataResource@4441d567 uris = array<String>['http://localhost:8088/'], optional = true, profiles = list['default']]): I/O error on GET request for "http://localhost:8088/post-service/default": Connection refused: getsockopt
16:09:48.113 INFO  post-service [main] o.s.d.r.c.RepositoryConfigurationDelegate - Bootstrapping Spring Data JPA repositories in DEFAULT mode.
16:09:48.230 INFO  post-service [main] o.s.d.r.c.RepositoryConfigurationDelegate - Finished Spring Data repository scanning in 109 ms. Found 1 JPA repository interfaces.
16:09:48.267 INFO  post-service [main] o.s.b.t.a.j.TestDatabaseAutoConfiguration$EmbeddedDataSourceBeanFactoryPostProcessor - Replacing 'dataSource' DataSource bean with embedded version
16:09:48.443 INFO  post-service [main] o.s.j.d.e.EmbeddedDatabaseFactory - Starting embedded database: url='jdbc:h2:mem:da7b1a4f-616a-4de6-8e7f-ce55350bc3c2;DB_CLOSE_DELAY=-1;DB_CLOSE_ON_EXIT=false', username='sa'
16:09:48.683 INFO  post-service [main] o.h.jpa.internal.util.LogHelper - HHH000204: Processing PersistenceUnitInfo [name: default]
16:09:48.751 INFO  post-service [main] org.hibernate.Version - HHH000412: Hibernate ORM core version 6.2.2.Final
16:09:48.752 INFO  post-service [main] org.hibernate.cfg.Environment - HHH000406: Using bytecode reflection optimizer
16:09:48.925 INFO  post-service [main] o.h.b.i.BytecodeProviderInitiator - HHH000021: Bytecode provider name : bytebuddy
16:09:49.057 INFO  post-service [main] o.s.o.j.p.SpringPersistenceUnitInfo - No LoadTimeWeaver setup: ignoring JPA class transformer
16:09:49.096 INFO  post-service [main] org.hibernate.orm.dialect - HHH035001: Using dialect: org.hibernate.dialect.H2Dialect, version: 2.1.214
16:09:49.298 INFO  post-service [main] o.h.b.i.BytecodeProviderInitiator - HHH000021: Bytecode provider name : bytebuddy
16:09:49.764 INFO  post-service [main] o.h.e.t.j.p.i.JtaPlatformInitiator - HHH000490: Using JtaPlatform implementation: [org.hibernate.engine.transaction.jta.platform.internal.NoJtaPlatform]
16:09:49.791 INFO  post-service [main] o.h.t.s.i.e.GenerationTargetToDatabase - HHH000476: Executing script '[injected ScriptSourceInputNonExistentImpl script]'
16:09:49.793 INFO  post-service [main] o.s.o.j.LocalContainerEntityManagerFactoryBean - Initialized JPA EntityManagerFactory for persistence unit 'default'
16:09:50.193 INFO  post-service [main] o.s.d.j.r.query.QueryEnhancerFactory - Hibernate is in classpath; If applicable, HQL parser will be used.
16:09:50.833 INFO  post-service [main] b.p.s.repository.PostRepositoryTest - Started PostRepositoryTest in 3.874 seconds (process running for 4.695)
16:09:51.269 INFO  post-service [SpringApplicationShutdownHook] o.s.o.j.LocalContainerEntityManagerFactoryBean - Closing JPA EntityManagerFactory for persistence unit 'default'
16:09:51.269 INFO  post-service [SpringApplicationShutdownHook] o.h.t.s.i.SchemaDropperImpl$DelayedDropActionImpl - HHH000477: Starting delayed evictData of schema as part of SessionFactory shut-down'
17:41:52.343 INFO  post-service [main] b.p.s.repository.PostRepositoryTest - Starting PostRepositoryTest using Java 17.0.13 with PID 10468 (started by yoran in C:\Users\yoran\Java-Project\project-YoranByloosPXL\backend-java\Backend\post-service)
17:41:52.344 DEBUG post-service [main] b.p.s.repository.PostRepositoryTest - Running with Spring Boot v3.1.0, Spring v6.0.9
17:41:52.345 INFO  post-service [main] b.p.s.repository.PostRepositoryTest - The following 1 profile is active: "test"
17:41:52.354 INFO  post-service [main] o.s.c.c.c.ConfigServerConfigDataLoader - Fetching config from server at : http://localhost:8088/
17:41:52.354 INFO  post-service [main] o.s.c.c.c.ConfigServerConfigDataLoader - Exception on Url - http://localhost:8088/:org.springframework.web.client.ResourceAccessException: I/O error on GET request for "http://localhost:8088/post-service/default": Connection refused: getsockopt. Will be trying the next url if available
17:41:52.354 WARN  post-service [main] o.s.c.c.c.ConfigServerConfigDataLoader - Could not locate PropertySource ([ConfigServerConfigDataResource@4441d567 uris = array<String>['http://localhost:8088/'], optional = true, profiles = list['default']]): I/O error on GET request for "http://localhost:8088/post-service/default": Connection refused: getsockopt
17:41:52.609 INFO  post-service [main] o.s.d.r.c.RepositoryConfigurationDelegate - Bootstrapping Spring Data JPA repositories in DEFAULT mode.
17:41:52.736 INFO  post-service [main] o.s.d.r.c.RepositoryConfigurationDelegate - Finished Spring Data repository scanning in 116 ms. Found 1 JPA repository interfaces.
17:41:52.772 INFO  post-service [main] o.s.b.t.a.j.TestDatabaseAutoConfiguration$EmbeddedDataSourceBeanFactoryPostProcessor - Replacing 'dataSource' DataSource bean with embedded version
17:41:52.936 INFO  post-service [main] o.s.j.d.e.EmbeddedDatabaseFactory - Starting embedded database: url='jdbc:h2:mem:8a9edb55-ff54-4093-9788-30c986a2ae3d;DB_CLOSE_DELAY=-1;DB_CLOSE_ON_EXIT=false', username='sa'
17:41:53.146 INFO  post-service [main] o.h.jpa.internal.util.LogHelper - HHH000204: Processing PersistenceUnitInfo [name: default]
17:41:53.201 INFO  post-service [main] org.hibernate.Version - HHH000412: Hibernate ORM core version 6.2.2.Final
17:41:53.202 INFO  post-service [main] org.hibernate.cfg.Environment - HHH000406: Using bytecode reflection optimizer
17:41:53.335 INFO  post-service [main] o.h.b.i.BytecodeProviderInitiator - HHH000021: Bytecode provider name : bytebuddy
17:41:53.459 INFO  post-service [main] o.s.o.j.p.SpringPersistenceUnitInfo - No LoadTimeWeaver setup: ignoring JPA class transformer
17:41:53.498 INFO  post-service [main] org.hibernate.orm.dialect - HHH035001: Using dialect: org.hibernate.dialect.H2Dialect, version: 2.1.214
17:41:53.694 INFO  post-service [main] o.h.b.i.BytecodeProviderInitiator - HHH000021: Bytecode provider name : bytebuddy
17:41:54.128 INFO  post-service [main] o.h.e.t.j.p.i.JtaPlatformInitiator - HHH000490: Using JtaPlatform implementation: [org.hibernate.engine.transaction.jta.platform.internal.NoJtaPlatform]
17:41:54.154 INFO  post-service [main] o.h.t.s.i.e.GenerationTargetToDatabase - HHH000476: Executing script '[injected ScriptSourceInputNonExistentImpl script]'
17:41:54.155 INFO  post-service [main] o.s.o.j.LocalContainerEntityManagerFactoryBean - Initialized JPA EntityManagerFactory for persistence unit 'default'
17:41:54.528 INFO  post-service [main] o.s.d.j.r.query.QueryEnhancerFactory - Hibernate is in classpath; If applicable, HQL parser will be used.
17:41:55.217 INFO  post-service [main] b.p.s.repository.PostRepositoryTest - Started PostRepositoryTest in 3.728 seconds (process running for 4.541)
17:41:55.620 INFO  post-service [SpringApplicationShutdownHook] o.s.o.j.LocalContainerEntityManagerFactoryBean - Closing JPA EntityManagerFactory for persistence unit 'default'
17:41:55.620 INFO  post-service [SpringApplicationShutdownHook] o.h.t.s.i.SchemaDropperImpl$DelayedDropActionImpl - HHH000477: Starting delayed evictData of schema as part of SessionFactory shut-down'
17:42:03.415 INFO  post-service [main] b.p.s.controller.PostControllerTest - Starting PostControllerTest using Java 17.0.13 with PID 164 (started by yoran in C:\Users\yoran\Java-Project\project-YoranByloosPXL\backend-java\Backend\post-service)
17:42:03.417 DEBUG post-service [main] b.p.s.controller.PostControllerTest - Running with Spring Boot v3.1.0, Spring v6.0.9
17:42:03.418 INFO  post-service [main] b.p.s.controller.PostControllerTest - No active profile set, falling back to 1 default profile: "default"
17:42:03.430 INFO  post-service [main] o.s.c.c.c.ConfigServerConfigDataLoader - Fetching config from server at : http://localhost:8088/
17:42:03.432 INFO  post-service [main] o.s.c.c.c.ConfigServerConfigDataLoader - Exception on Url - http://localhost:8088/:org.springframework.web.client.ResourceAccessException: I/O error on GET request for "http://localhost:8088/post-service/default": Connection refused: getsockopt. Will be trying the next url if available
17:42:03.432 WARN  post-service [main] o.s.c.c.c.ConfigServerConfigDataLoader - Could not locate PropertySource ([ConfigServerConfigDataResource@15ac59c2 uris = array<String>['http://localhost:8088/'], optional = true, profiles = list['default']]): I/O error on GET request for "http://localhost:8088/post-service/default": Connection refused: getsockopt
17:42:04.646 INFO  post-service [main] o.s.b.t.m.w.SpringBootMockServletContext - Initializing Spring TestDispatcherServlet ''
17:42:04.646 INFO  post-service [main] o.s.t.w.s.TestDispatcherServlet - Initializing Servlet ''
17:42:04.647 INFO  post-service [main] o.s.t.w.s.TestDispatcherServlet - Completed initialization in 1 ms
17:42:04.673 INFO  post-service [main] b.p.s.controller.PostControllerTest - Started PostControllerTest in 2.166 seconds (process running for 2.988)
17:42:04.746 INFO  post-service [main] b.p.s.controller.PostController - FilterPosts called keyword=post author=yo date=2025-09-25
17:42:04.759 DEBUG post-service [main] b.p.s.controller.PostController - FilterPosts result count=0
17:42:04.832 INFO  post-service [main] b.p.s.controller.PostController - FilterPosts called keyword=x author=null date=nonsense
17:42:04.833 WARN  post-service [main] b.p.s.controller.PostController - Unsupported date format 'nonsense', ignoring date filter
17:42:04.833 DEBUG post-service [main] b.p.s.controller.PostController - FilterPosts result count=0
17:42:04.843 INFO  post-service [main] b.p.s.controller.PostController - GetPostsByIds called count=2
17:42:04.851 INFO  post-service [main] b.p.s.controller.PostController - GetPublishedPosts called
17:42:04.869 INFO  post-service [main] b.p.s.controller.PostController - ApprovePost requested id=42
17:42:04.873 INFO  post-service [main] b.p.s.controller.PostController - FilterPosts called keyword=abc author=null date=2025-09-01T00:00:00
17:42:04.874 DEBUG post-service [main] b.p.s.controller.PostController - FilterPosts result count=0
17:42:04.879 INFO  post-service [main] b.p.s.controller.PostController - DisapprovePost requested id=5
19:08:18.330 INFO  post-service [main] b.p.s.controller.PostControllerTest - Starting PostControllerTest using Java 17.0.13 with PID 21868 (started by yoran in C:\Users\yoran\Java-Project\project-YoranByloosPXL\backend-java\Backend\post-service)
19:08:18.332 DEBUG post-service [main] b.p.s.controller.PostControllerTest - Running with Spring Boot v3.1.0, Spring v6.0.9
19:08:18.332 INFO  post-service [main] b.p.s.controller.PostControllerTest - No active profile set, falling back to 1 default profile: "default"
19:08:18.345 INFO  post-service [main] o.s.c.c.c.ConfigServerConfigDataLoader - Fetching config from server at : http://localhost:8088/
19:08:18.345 INFO  post-service [main] o.s.c.c.c.ConfigServerConfigDataLoader - Exception on Url - http://localhost:8088/:org.springframework.web.client.ResourceAccessException: I/O error on GET request for "http://localhost:8088/post-service/default": Connection refused: getsockopt. Will be trying the next url if available
19:08:18.345 WARN  post-service [main] o.s.c.c.c.ConfigServerConfigDataLoader - Could not locate PropertySource ([ConfigServerConfigDataResource@6bf13698 uris = array<String>['http://localhost:8088/'], optional = true, profiles = list['default']]): I/O error on GET request for "http://localhost:8088/post-service/default": Connection refused: getsockopt
19:08:19.582 INFO  post-service [main] o.s.b.t.m.w.SpringBootMockServletContext - Initializing Spring TestDispatcherServlet ''
19:08:19.583 INFO  post-service [main] o.s.t.w.s.TestDispatcherServlet - Initializing Servlet ''
19:08:19.584 INFO  post-service [main] o.s.t.w.s.TestDispatcherServlet - Completed initialization in 1 ms
19:08:19.610 INFO  post-service [main] b.p.s.controller.PostControllerTest - Started PostControllerTest in 2.286 seconds (process running for 3.196)
19:08:19.692 INFO  post-service [main] b.p.s.controller.PostController - FilterPosts called keyword=post author=yo date=2025-09-25
19:08:19.704 DEBUG post-service [main] b.p.s.controller.PostController - FilterPosts result count=0
19:08:19.773 INFO  post-service [main] b.p.s.controller.PostController - FilterPosts called keyword=x author=null date=nonsense
19:08:19.774 WARN  post-service [main] b.p.s.controller.PostController - Unsupported date format 'nonsense', ignoring date filter
19:08:19.774 DEBUG post-service [main] b.p.s.controller.PostController - FilterPosts result count=0
19:08:19.786 INFO  post-service [main] b.p.s.controller.PostController - GetPostsByIds called count=2
19:08:19.792 INFO  post-service [main] b.p.s.controller.PostController - GetPublishedPosts called
19:08:19.809 INFO  post-service [main] b.p.s.controller.PostController - ApprovePost requested id=42
19:08:19.812 INFO  post-service [main] b.p.s.controller.PostController - FilterPosts called keyword=abc author=null date=2025-09-01T00:00:00
19:08:19.813 DEBUG post-service [main] b.p.s.controller.PostController - FilterPosts result count=0
19:08:19.817 INFO  post-service [main] b.p.s.controller.PostController - DisapprovePost requested id=5
19:08:19.891 INFO  post-service [main] b.pxl.services.services.PostService - Get posts by ids requested count=0
19:08:19.897 INFO  post-service [main] b.pxl.services.services.PostService - Get posts by ids requested count=0
19:08:19.899 INFO  post-service [main] b.pxl.services.services.PostService - Submit post requested id=99 by user=yoran
19:08:19.899 DEBUG post-service [main] b.pxl.services.services.PostService - Post submitted id=99 newStatus=INGEDIEND
19:08:19.901 INFO  post-service [main] b.pxl.services.services.PostService - Fetched my submissions for user=yoran count=1
19:08:19.903 INFO  post-service [main] b.pxl.services.services.PostService - Update post requested id=99 by user=yoran
19:08:19.904 DEBUG post-service [main] b.pxl.services.services.PostService - Post updated id=99 status=CONCEPT
19:08:19.909 INFO  post-service [main] b.pxl.services.services.PostService - Fetched drafts for user=yoran count=1
19:08:19.911 INFO  post-service [main] b.pxl.services.services.PostService - Update post requested id=99 by user=not-yoran
19:08:19.911 WARN  post-service [main] b.pxl.services.services.PostService - Unauthorized update attempt id=99 by user=not-yoran (status=CONCEPT)
19:08:19.914 INFO  post-service [main] b.pxl.services.services.PostService - Publish post requested id=2 by user=a
19:08:19.914 DEBUG post-service [main] b.pxl.services.services.PostService - Post published id=2 status=GEPUBLICEERD
19:08:19.916 INFO  post-service [main] b.pxl.services.services.PostService - Fetched published posts count=1
19:08:19.917 INFO  post-service [main] b.pxl.services.services.PostService - Get post by id requested id=99
19:08:19.918 INFO  post-service [main] b.pxl.services.services.PostService - Create post requested by user=yoran submitForReview=true title='Hello'
19:08:19.919 DEBUG post-service [main] b.pxl.services.services.PostService - Post created id=1 status=INGEDIEND
19:08:19.920 INFO  post-service [main] b.pxl.services.services.PostService - Fetched reviewable posts for reviewer=admin count=1
19:08:19.921 INFO  post-service [main] b.pxl.services.services.PostService - Publish post requested id=1 by user=a
19:08:19.921 WARN  post-service [main] b.pxl.services.services.PostService - Publish rejected id=1 status=CONCEPT
19:08:19.924 INFO  post-service [main] o.s.t.c.s.AnnotationConfigContextLoaderUtils - Could not detect default configuration classes for test class [be.pxl.services.repository.PostRepositoryTest]: PostRepositoryTest does not declare any static, non-private, non-final, nested classes annotated with @Configuration.
19:08:19.932 INFO  post-service [main] o.s.b.t.c.SpringBootTestContextBootstrapper - Found @SpringBootConfiguration be.pxl.services.PostServiceApplication for test class be.pxl.services.repository.PostRepositoryTest
19:08:20.090 INFO  post-service [main] b.p.s.repository.PostRepositoryTest - Starting PostRepositoryTest using Java 17.0.13 with PID 21868 (started by yoran in C:\Users\yoran\Java-Project\project-YoranByloosPXL\backend-java\Backend\post-service)
19:08:20.090 DEBUG post-service [main] b.p.s.repository.PostRepositoryTest - Running with Spring Boot v3.1.0, Spring v6.0.9
19:08:20.090 INFO  post-service [main] b.p.s.repository.PostRepositoryTest - The following 1 profile is active: "test"
19:08:20.091 INFO  post-service [main] o.s.c.c.c.ConfigServerConfigDataLoader - Fetching config from server at : http://localhost:8088/
19:08:20.091 INFO  post-service [main] o.s.c.c.c.ConfigServerConfigDataLoader - Exception on Url - http://localhost:8088/:org.springframework.web.client.ResourceAccessException: I/O error on GET request for "http://localhost:8088/post-service/default": Connection refused: getsockopt. Will be trying the next url if available
19:08:20.091 WARN  post-service [main] o.s.c.c.c.ConfigServerConfigDataLoader - Could not locate PropertySource ([ConfigServerConfigDataResource@32c6d164 uris = array<String>['http://localhost:8088/'], optional = true, profiles = list['default']]): I/O error on GET request for "http://localhost:8088/post-service/default": Connection refused: getsockopt
19:08:20.190 INFO  post-service [main] o.s.d.r.c.RepositoryConfigurationDelegate - Bootstrapping Spring Data JPA repositories in DEFAULT mode.
19:08:20.227 INFO  post-service [main] o.s.d.r.c.RepositoryConfigurationDelegate - Finished Spring Data repository scanning in 30 ms. Found 1 JPA repository interfaces.
19:08:20.260 INFO  post-service [main] o.s.b.t.a.j.TestDatabaseAutoConfiguration$EmbeddedDataSourceBeanFactoryPostProcessor - Replacing 'dataSource' DataSource bean with embedded version
19:08:20.364 INFO  post-service [main] o.s.j.d.e.EmbeddedDatabaseFactory - Starting embedded database: url='jdbc:h2:mem:ee143edf-8144-4152-b0e1-db087de41d63;DB_CLOSE_DELAY=-1;DB_CLOSE_ON_EXIT=false', username='sa'
19:08:20.554 INFO  post-service [main] o.h.jpa.internal.util.LogHelper - HHH000204: Processing PersistenceUnitInfo [name: default]
19:08:20.608 INFO  post-service [main] org.hibernate.Version - HHH000412: Hibernate ORM core version 6.2.2.Final
19:08:20.610 INFO  post-service [main] org.hibernate.cfg.Environment - HHH000406: Using bytecode reflection optimizer
19:08:20.738 INFO  post-service [main] o.h.b.i.BytecodeProviderInitiator - HHH000021: Bytecode provider name : bytebuddy
19:08:20.745 INFO  post-service [main] o.s.o.j.p.SpringPersistenceUnitInfo - No LoadTimeWeaver setup: ignoring JPA class transformer
19:08:20.773 INFO  post-service [main] org.hibernate.orm.dialect - HHH035001: Using dialect: org.hibernate.dialect.H2Dialect, version: 2.1.214
19:08:20.947 INFO  post-service [main] o.h.b.i.BytecodeProviderInitiator - HHH000021: Bytecode provider name : bytebuddy
19:08:21.246 INFO  post-service [main] o.h.e.t.j.p.i.JtaPlatformInitiator - HHH000490: Using JtaPlatform implementation: [org.hibernate.engine.transaction.jta.platform.internal.NoJtaPlatform]
19:08:21.270 INFO  post-service [main] o.h.t.s.i.e.GenerationTargetToDatabase - HHH000476: Executing script '[injected ScriptSourceInputNonExistentImpl script]'
19:08:21.272 INFO  post-service [main] o.s.o.j.LocalContainerEntityManagerFactoryBean - Initialized JPA EntityManagerFactory for persistence unit 'default'
19:08:21.553 INFO  post-service [main] o.s.d.j.r.query.QueryEnhancerFactory - Hibernate is in classpath; If applicable, HQL parser will be used.
19:08:22.145 INFO  post-service [main] b.p.s.repository.PostRepositoryTest - Started PostRepositoryTest in 2.21 seconds (process running for 5.731)
19:08:22.357 INFO  post-service [SpringApplicationShutdownHook] o.s.o.j.LocalContainerEntityManagerFactoryBean - Closing JPA EntityManagerFactory for persistence unit 'default'
19:08:22.357 INFO  post-service [SpringApplicationShutdownHook] o.h.t.s.i.SchemaDropperImpl$DelayedDropActionImpl - HHH000477: Starting delayed evictData of schema as part of SessionFactory shut-down'
19:09:12.352 INFO  post-service [main] b.p.s.controller.PostControllerTest - Starting PostControllerTest using Java 17.0.13 with PID 20868 (started by yoran in C:\Users\yoran\Java-Project\project-YoranByloosPXL\backend-java\Backend\post-service)
19:09:12.353 DEBUG post-service [main] b.p.s.controller.PostControllerTest - Running with Spring Boot v3.1.0, Spring v6.0.9
19:09:12.354 INFO  post-service [main] b.p.s.controller.PostControllerTest - No active profile set, falling back to 1 default profile: "default"
19:09:12.372 INFO  post-service [main] o.s.c.c.c.ConfigServerConfigDataLoader - Fetching config from server at : http://localhost:8088/
19:09:12.372 INFO  post-service [main] o.s.c.c.c.ConfigServerConfigDataLoader - Exception on Url - http://localhost:8088/:org.springframework.web.client.ResourceAccessException: I/O error on GET request for "http://localhost:8088/post-service/default": Connection refused: getsockopt. Will be trying the next url if available
19:09:12.372 WARN  post-service [main] o.s.c.c.c.ConfigServerConfigDataLoader - Could not locate PropertySource ([ConfigServerConfigDataResource@7a27a025 uris = array<String>['http://localhost:8088/'], optional = true, profiles = list['default']]): I/O error on GET request for "http://localhost:8088/post-service/default": Connection refused: getsockopt
19:09:14.329 INFO  post-service [main] o.s.b.t.m.w.SpringBootMockServletContext - Initializing Spring TestDispatcherServlet ''
19:09:14.329 INFO  post-service [main] o.s.t.w.s.TestDispatcherServlet - Initializing Servlet ''
19:09:14.331 INFO  post-service [main] o.s.t.w.s.TestDispatcherServlet - Completed initialization in 0 ms
19:09:14.359 INFO  post-service [main] b.p.s.controller.PostControllerTest - Started PostControllerTest in 3.696 seconds (process running for 5.764)
19:09:14.437 INFO  post-service [main] b.p.s.controller.PostController - FilterPosts called keyword=post author=yo date=2025-09-25
19:09:14.454 DEBUG post-service [main] b.p.s.controller.PostController - FilterPosts result count=0
19:09:14.586 INFO  post-service [main] b.p.s.controller.PostController - FilterPosts called keyword=x author=null date=nonsense
19:09:14.586 WARN  post-service [main] b.p.s.controller.PostController - Unsupported date format 'nonsense', ignoring date filter
19:09:14.587 DEBUG post-service [main] b.p.s.controller.PostController - FilterPosts result count=0
19:09:14.599 INFO  post-service [main] b.p.s.controller.PostController - GetPostsByIds called count=2
19:09:14.607 INFO  post-service [main] b.p.s.controller.PostController - GetPublishedPosts called
19:09:14.629 INFO  post-service [main] b.p.s.controller.PostController - ApprovePost requested id=42
19:09:14.634 INFO  post-service [main] b.p.s.controller.PostController - FilterPosts called keyword=abc author=null date=2025-09-01T00:00:00
19:09:14.635 DEBUG post-service [main] b.p.s.controller.PostController - FilterPosts result count=0
19:09:14.640 INFO  post-service [main] b.p.s.controller.PostController - DisapprovePost requested id=5
19:09:14.747 INFO  post-service [main] b.pxl.services.services.PostService - Get posts by ids requested count=0
19:09:14.758 INFO  post-service [main] b.pxl.services.services.PostService - Get posts by ids requested count=0
19:09:14.760 INFO  post-service [main] b.pxl.services.services.PostService - Submit post requested id=99 by user=yoran
19:09:14.761 DEBUG post-service [main] b.pxl.services.services.PostService - Post submitted id=99 newStatus=INGEDIEND
19:09:14.764 INFO  post-service [main] b.pxl.services.services.PostService - Fetched my submissions for user=yoran count=1
19:09:14.766 INFO  post-service [main] b.pxl.services.services.PostService - Update post requested id=99 by user=yoran
19:09:14.767 DEBUG post-service [main] b.pxl.services.services.PostService - Post updated id=99 status=CONCEPT
19:09:14.775 INFO  post-service [main] b.pxl.services.services.PostService - Fetched drafts for user=yoran count=1
19:09:14.777 INFO  post-service [main] b.pxl.services.services.PostService - Update post requested id=99 by user=not-yoran
19:09:14.777 WARN  post-service [main] b.pxl.services.services.PostService - Unauthorized update attempt id=99 by user=not-yoran (status=CONCEPT)
19:09:14.782 INFO  post-service [main] b.pxl.services.services.PostService - Publish post requested id=2 by user=a
19:09:14.782 DEBUG post-service [main] b.pxl.services.services.PostService - Post published id=2 status=GEPUBLICEERD
19:09:14.785 INFO  post-service [main] b.pxl.services.services.PostService - Fetched published posts count=1
19:09:14.786 INFO  post-service [main] b.pxl.services.services.PostService - Get post by id requested id=99
19:09:14.788 INFO  post-service [main] b.pxl.services.services.PostService - Create post requested by user=yoran submitForReview=true title='Hello'
19:09:14.788 DEBUG post-service [main] b.pxl.services.services.PostService - Post created id=1 status=INGEDIEND
19:09:14.790 INFO  post-service [main] b.pxl.services.services.PostService - Fetched reviewable posts for reviewer=admin count=1
19:09:14.792 INFO  post-service [main] b.pxl.services.services.PostService - Publish post requested id=1 by user=a
19:09:14.792 WARN  post-service [main] b.pxl.services.services.PostService - Publish rejected id=1 status=CONCEPT
19:09:14.796 INFO  post-service [main] o.s.t.c.s.AnnotationConfigContextLoaderUtils - Could not detect default configuration classes for test class [be.pxl.services.repository.PostRepositoryTest]: PostRepositoryTest does not declare any static, non-private, non-final, nested classes annotated with @Configuration.
19:09:14.804 INFO  post-service [main] o.s.b.t.c.SpringBootTestContextBootstrapper - Found @SpringBootConfiguration be.pxl.services.PostServiceApplication for test class be.pxl.services.repository.PostRepositoryTest
19:09:14.947 INFO  post-service [main] b.p.s.repository.PostRepositoryTest - Starting PostRepositoryTest using Java 17.0.13 with PID 20868 (started by yoran in C:\Users\yoran\Java-Project\project-YoranByloosPXL\backend-java\Backend\post-service)
19:09:14.947 DEBUG post-service [main] b.p.s.repository.PostRepositoryTest - Running with Spring Boot v3.1.0, Spring v6.0.9
19:09:14.948 INFO  post-service [main] b.p.s.repository.PostRepositoryTest - The following 1 profile is active: "test"
19:09:14.949 INFO  post-service [main] o.s.c.c.c.ConfigServerConfigDataLoader - Fetching config from server at : http://localhost:8088/
19:09:14.949 INFO  post-service [main] o.s.c.c.c.ConfigServerConfigDataLoader - Exception on Url - http://localhost:8088/:org.springframework.web.client.ResourceAccessException: I/O error on GET request for "http://localhost:8088/post-service/default": Connection refused: getsockopt. Will be trying the next url if available
19:09:14.949 WARN  post-service [main] o.s.c.c.c.ConfigServerConfigDataLoader - Could not locate PropertySource ([ConfigServerConfigDataResource@7f33324d uris = array<String>['http://localhost:8088/'], optional = true, profiles = list['default']]): I/O error on GET request for "http://localhost:8088/post-service/default": Connection refused: getsockopt
19:09:15.073 INFO  post-service [main] o.s.d.r.c.RepositoryConfigurationDelegate - Bootstrapping Spring Data JPA repositories in DEFAULT mode.
19:09:15.111 INFO  post-service [main] o.s.d.r.c.RepositoryConfigurationDelegate - Finished Spring Data repository scanning in 31 ms. Found 1 JPA repository interfaces.
19:09:15.152 INFO  post-service [main] o.s.b.t.a.j.TestDatabaseAutoConfiguration$EmbeddedDataSourceBeanFactoryPostProcessor - Replacing 'dataSource' DataSource bean with embedded version
19:09:15.269 INFO  post-service [main] o.s.j.d.e.EmbeddedDatabaseFactory - Starting embedded database: url='jdbc:h2:mem:1107ee70-e273-4f7a-bd4e-51484691c6b2;DB_CLOSE_DELAY=-1;DB_CLOSE_ON_EXIT=false', username='sa'
19:09:15.719 INFO  post-service [main] o.h.jpa.internal.util.LogHelper - HHH000204: Processing PersistenceUnitInfo [name: default]
19:09:15.808 INFO  post-service [main] org.hibernate.Version - HHH000412: Hibernate ORM core version 6.2.2.Final
19:09:15.812 INFO  post-service [main] org.hibernate.cfg.Environment - HHH000406: Using bytecode reflection optimizer
19:09:16.029 INFO  post-service [main] o.h.b.i.BytecodeProviderInitiator - HHH000021: Bytecode provider name : bytebuddy
19:09:16.039 INFO  post-service [main] o.s.o.j.p.SpringPersistenceUnitInfo - No LoadTimeWeaver setup: ignoring JPA class transformer
19:09:16.091 INFO  post-service [main] org.hibernate.orm.dialect - HHH035001: Using dialect: org.hibernate.dialect.H2Dialect, version: 2.1.214
19:09:16.464 INFO  post-service [main] o.h.b.i.BytecodeProviderInitiator - HHH000021: Bytecode provider name : bytebuddy
19:09:17.033 INFO  post-service [main] o.h.e.t.j.p.i.JtaPlatformInitiator - HHH000490: Using JtaPlatform implementation: [org.hibernate.engine.transaction.jta.platform.internal.NoJtaPlatform]
19:09:17.083 INFO  post-service [main] o.h.t.s.i.e.GenerationTargetToDatabase - HHH000476: Executing script '[injected ScriptSourceInputNonExistentImpl script]'
19:09:17.086 INFO  post-service [main] o.s.o.j.LocalContainerEntityManagerFactoryBean - Initialized JPA EntityManagerFactory for persistence unit 'default'
19:09:17.483 INFO  post-service [main] o.s.d.j.r.query.QueryEnhancerFactory - Hibernate is in classpath; If applicable, HQL parser will be used.
19:09:18.232 INFO  post-service [main] b.p.s.repository.PostRepositoryTest - Started PostRepositoryTest in 3.425 seconds (process running for 9.637)
19:09:18.478 INFO  post-service [SpringApplicationShutdownHook] o.s.o.j.LocalContainerEntityManagerFactoryBean - Closing JPA EntityManagerFactory for persistence unit 'default'
19:09:18.478 INFO  post-service [SpringApplicationShutdownHook] o.h.t.s.i.SchemaDropperImpl$DelayedDropActionImpl - HHH000477: Starting delayed evictData of schema as part of SessionFactory shut-down'
